<?xml version="1.0" encoding="UTF-8"?>
<robot generator="Robot 5.0.1 (Python 3.10.7 on win32)" generated="20221030 02:13:49.200" rpa="false" schemaversion="3">
<suite id="s1" name="Amazon2" source="C:\development\robot-scripts\first-script\Tests\Amazon2.robot">
<test id="s1-t1" name="User can search for products" line="9">
<kw name="Open Browser" library="SeleniumLibrary">
<arg>http://www.amazon.com</arg>
<arg>chrome</arg>
<doc>Opens a new browser instance to the optional ``url``.</doc>
<msg timestamp="20221030 02:13:49.407" level="INFO">Opening browser 'chrome' to base url 'http://www.amazon.com'.</msg>
<status status="PASS" starttime="20221030 02:13:49.407" endtime="20221030 02:13:53.652"/>
</kw>
<kw name="Maximize Browser Window" library="SeleniumLibrary">
<doc>Maximizes current browser window.</doc>
<status status="PASS" starttime="20221030 02:13:53.653" endtime="20221030 02:13:53.801"/>
</kw>
<kw name="Click Element" library="SeleniumLibrary">
<arg>xpath=//*[@id="nav-main"]/div[1]/div/div/div[3]/span[1]/span/input</arg>
<doc>Click the element identified by ``locator``.</doc>
<msg timestamp="20221030 02:13:53.802" level="INFO">Clicking element 'xpath=//*[@id="nav-main"]/div[1]/div/div/div[3]/span[1]/span/input'.</msg>
<status status="PASS" starttime="20221030 02:13:53.801" endtime="20221030 02:13:53.944"/>
</kw>
<kw name="Input Text" library="SeleniumLibrary">
<arg>id=twotabsearchtextbox</arg>
<arg>Ferrari 458</arg>
<doc>Types the given ``text`` into the text field identified by ``locator``.</doc>
<msg timestamp="20221030 02:13:53.945" level="INFO">Typing text 'Ferrari 458' into text field 'id=twotabsearchtextbox'.</msg>
<status status="PASS" starttime="20221030 02:13:53.944" endtime="20221030 02:13:54.147"/>
</kw>
<kw name="Click Button" library="SeleniumLibrary">
<arg>xpath=//*[@id="nav-search-submit-button"]</arg>
<doc>Clicks the button identified by ``locator``.</doc>
<msg timestamp="20221030 02:13:54.148" level="INFO">Clicking button 'xpath=//*[@id="nav-search-submit-button"]'.</msg>
<status status="PASS" starttime="20221030 02:13:54.148" endtime="20221030 02:13:56.847"/>
</kw>
<kw name="Wait Until Page Contains" library="SeleniumLibrary">
<arg>results for "Ferrari 458"</arg>
<doc>Waits until ``text`` appears on the current page.</doc>
<status status="PASS" starttime="20221030 02:13:56.847" endtime="20221030 02:13:56.882"/>
</kw>
<kw name="Close Browser" library="SeleniumLibrary">
<doc>Closes the current browser.</doc>
<status status="PASS" starttime="20221030 02:13:56.882" endtime="20221030 02:13:59.029"/>
</kw>
<doc>This is some basic info about the test</doc>
<tag>Smoke</tag>
<status status="PASS" starttime="20221030 02:13:49.406" endtime="20221030 02:13:59.031"/>
</test>
<test id="s1-t2" name="User can view a product" line="22">
<kw name="Open Browser" library="SeleniumLibrary">
<arg>http://www.amazon.com</arg>
<arg>chrome</arg>
<doc>Opens a new browser instance to the optional ``url``.</doc>
<msg timestamp="20221030 02:13:59.037" level="INFO">Opening browser 'chrome' to base url 'http://www.amazon.com'.</msg>
<status status="PASS" starttime="20221030 02:13:59.036" endtime="20221030 02:14:02.305"/>
</kw>
<kw name="Maximize Browser Window" library="SeleniumLibrary">
<doc>Maximizes current browser window.</doc>
<status status="PASS" starttime="20221030 02:14:02.306" endtime="20221030 02:14:02.435"/>
</kw>
<kw name="Click Element" library="SeleniumLibrary">
<arg>xpath=//*[@id="nav-main"]/div[1]/div/div/div[3]/span[1]/span/input</arg>
<doc>Click the element identified by ``locator``.</doc>
<msg timestamp="20221030 02:14:02.436" level="INFO">Clicking element 'xpath=//*[@id="nav-main"]/div[1]/div/div/div[3]/span[1]/span/input'.</msg>
<status status="PASS" starttime="20221030 02:14:02.436" endtime="20221030 02:14:02.557"/>
</kw>
<kw name="Input Text" library="SeleniumLibrary">
<arg>id=twotabsearchtextbox</arg>
<arg>Ferrari 458</arg>
<doc>Types the given ``text`` into the text field identified by ``locator``.</doc>
<msg timestamp="20221030 02:14:02.558" level="INFO">Typing text 'Ferrari 458' into text field 'id=twotabsearchtextbox'.</msg>
<status status="PASS" starttime="20221030 02:14:02.557" endtime="20221030 02:14:02.716"/>
</kw>
<kw name="Click Button" library="SeleniumLibrary">
<arg>xpath=//*[@id="nav-search-submit-button"]</arg>
<doc>Clicks the button identified by ``locator``.</doc>
<msg timestamp="20221030 02:14:02.716" level="INFO">Clicking button 'xpath=//*[@id="nav-search-submit-button"]'.</msg>
<status status="PASS" starttime="20221030 02:14:02.716" endtime="20221030 02:14:05.470"/>
</kw>
<kw name="Wait Until Page Contains" library="SeleniumLibrary">
<arg>results for "Ferrari 458"</arg>
<doc>Waits until ``text`` appears on the current page.</doc>
<status status="PASS" starttime="20221030 02:14:05.470" endtime="20221030 02:14:05.519"/>
</kw>
<kw name="Click Image" library="SeleniumLibrary">
<arg>xpath=//*[@id="search"]/div[1]/div[1]/div/span[3]/div[2]/div[2]/div/div/div/div/div/div/div[1]/span/a/div/img</arg>
<doc>Clicks an image identified by ``locator``.</doc>
<msg timestamp="20221030 02:14:05.520" level="INFO">Clicking image 'xpath=//*[@id="search"]/div[1]/div[1]/div/span[3]/div[2]/div[2]/div/div/div/div/div/div/div[1]/span/a/div/img'.</msg>
<msg timestamp="20221030 02:14:05.792" level="INFO" html="true">&lt;/td&gt;&lt;/tr&gt;&lt;tr&gt;&lt;td colspan="3"&gt;&lt;a href="selenium-screenshot-1.png"&gt;&lt;img src="selenium-screenshot-1.png" width="800px"&gt;&lt;/a&gt;</msg>
<msg timestamp="20221030 02:14:05.793" level="FAIL">Input with locator 'xpath=//*[@id="search"]/div[1]/div[1]/div/span[3]/div[2]/div[2]/div/div/div/div/div/div/div[1]/span/a/div/img' not found.</msg>
<status status="FAIL" starttime="20221030 02:14:05.520" endtime="20221030 02:14:05.834"/>
</kw>
<kw name="Wait Until Page Contains" library="SeleniumLibrary">
<arg>Back to results</arg>
<doc>Waits until ``text`` appears on the current page.</doc>
<status status="NOT RUN" starttime="20221030 02:14:05.835" endtime="20221030 02:14:05.835"/>
</kw>
<kw name="Close Browser" library="SeleniumLibrary">
<doc>Closes the current browser.</doc>
<status status="NOT RUN" starttime="20221030 02:14:05.835" endtime="20221030 02:14:05.835"/>
</kw>
<doc>This is some basic info about the test</doc>
<tag>Smoke</tag>
<status status="FAIL" starttime="20221030 02:13:59.035" endtime="20221030 02:14:05.835">Input with locator 'xpath=//*[@id="search"]/div[1]/div[1]/div/span[3]/div[2]/div[2]/div/div/div/div/div/div/div[1]/span/a/div/img' not found.</status>
</test>
<test id="s1-t3" name="User can add product to cart" line="37">
<kw name="Open Browser" library="SeleniumLibrary">
<arg>http://www.amazon.com</arg>
<arg>chrome</arg>
<doc>Opens a new browser instance to the optional ``url``.</doc>
<msg timestamp="20221030 02:14:05.837" level="INFO">Opening browser 'chrome' to base url 'http://www.amazon.com'.</msg>
<status status="PASS" starttime="20221030 02:14:05.837" endtime="20221030 02:14:09.585"/>
</kw>
<kw name="Maximize Browser Window" library="SeleniumLibrary">
<doc>Maximizes current browser window.</doc>
<status status="PASS" starttime="20221030 02:14:09.585" endtime="20221030 02:14:09.742"/>
</kw>
<kw name="Click Element" library="SeleniumLibrary">
<arg>xpath=//*[@id="nav-main"]/div[1]/div/div/div[3]/span[1]/span/input</arg>
<doc>Click the element identified by ``locator``.</doc>
<msg timestamp="20221030 02:14:09.743" level="INFO">Clicking element 'xpath=//*[@id="nav-main"]/div[1]/div/div/div[3]/span[1]/span/input'.</msg>
<status status="PASS" starttime="20221030 02:14:09.743" endtime="20221030 02:14:09.873"/>
</kw>
<kw name="Input Text" library="SeleniumLibrary">
<arg>id=twotabsearchtextbox</arg>
<arg>Ferrari 458</arg>
<doc>Types the given ``text`` into the text field identified by ``locator``.</doc>
<msg timestamp="20221030 02:14:09.874" level="INFO">Typing text 'Ferrari 458' into text field 'id=twotabsearchtextbox'.</msg>
<status status="PASS" starttime="20221030 02:14:09.874" endtime="20221030 02:14:10.060"/>
</kw>
<kw name="Click Button" library="SeleniumLibrary">
<arg>xpath=//*[@id="nav-search-submit-button"]</arg>
<doc>Clicks the button identified by ``locator``.</doc>
<msg timestamp="20221030 02:14:10.060" level="INFO">Clicking button 'xpath=//*[@id="nav-search-submit-button"]'.</msg>
<status status="PASS" starttime="20221030 02:14:10.060" endtime="20221030 02:14:12.909"/>
</kw>
<kw name="Wait Until Page Contains" library="SeleniumLibrary">
<arg>results for "Ferrari 458"</arg>
<doc>Waits until ``text`` appears on the current page.</doc>
<status status="PASS" starttime="20221030 02:14:12.909" endtime="20221030 02:14:12.935"/>
</kw>
<kw name="Click Image" library="SeleniumLibrary">
<arg>xpath=//*[@id="search"]/div[1]/div[1]/div/span[3]/div[2]/div[2]/div/div/div/div/div/div/div[1]/span/a/div/img</arg>
<doc>Clicks an image identified by ``locator``.</doc>
<msg timestamp="20221030 02:14:12.936" level="INFO">Clicking image 'xpath=//*[@id="search"]/div[1]/div[1]/div/span[3]/div[2]/div[2]/div/div/div/div/div/div/div[1]/span/a/div/img'.</msg>
<msg timestamp="20221030 02:14:13.209" level="INFO" html="true">&lt;/td&gt;&lt;/tr&gt;&lt;tr&gt;&lt;td colspan="3"&gt;&lt;a href="selenium-screenshot-2.png"&gt;&lt;img src="selenium-screenshot-2.png" width="800px"&gt;&lt;/a&gt;</msg>
<msg timestamp="20221030 02:14:13.210" level="FAIL">Input with locator 'xpath=//*[@id="search"]/div[1]/div[1]/div/span[3]/div[2]/div[2]/div/div/div/div/div/div/div[1]/span/a/div/img' not found.</msg>
<status status="FAIL" starttime="20221030 02:14:12.935" endtime="20221030 02:14:13.210"/>
</kw>
<kw name="Wait Until Page Contains" library="SeleniumLibrary">
<arg>Back to results</arg>
<doc>Waits until ``text`` appears on the current page.</doc>
<status status="NOT RUN" starttime="20221030 02:14:13.211" endtime="20221030 02:14:13.212"/>
</kw>
<kw name="Click Button" library="SeleniumLibrary">
<arg>id=add-to-cart-button</arg>
<doc>Clicks the button identified by ``locator``.</doc>
<status status="NOT RUN" starttime="20221030 02:14:13.212" endtime="20221030 02:14:13.212"/>
</kw>
<kw name="Wait Until Page Contains" library="SeleniumLibrary">
<arg>Added to Cart</arg>
<doc>Waits until ``text`` appears on the current page.</doc>
<status status="NOT RUN" starttime="20221030 02:14:13.212" endtime="20221030 02:14:13.213"/>
</kw>
<kw name="Close Browser" library="SeleniumLibrary">
<doc>Closes the current browser.</doc>
<status status="NOT RUN" starttime="20221030 02:14:13.213" endtime="20221030 02:14:13.213"/>
</kw>
<doc>This is some basic info about the test</doc>
<tag>Smoke</tag>
<status status="FAIL" starttime="20221030 02:14:05.836" endtime="20221030 02:14:13.214">Input with locator 'xpath=//*[@id="search"]/div[1]/div[1]/div/span[3]/div[2]/div[2]/div/div/div/div/div/div/div[1]/span/a/div/img' not found.</status>
</test>
<test id="s1-t4" name="User must sign in to check out" line="54">
<kw name="Open Browser" library="SeleniumLibrary">
<arg>http://www.amazon.com</arg>
<arg>chrome</arg>
<doc>Opens a new browser instance to the optional ``url``.</doc>
<msg timestamp="20221030 02:14:13.217" level="INFO">Opening browser 'chrome' to base url 'http://www.amazon.com'.</msg>
<status status="PASS" starttime="20221030 02:14:13.217" endtime="20221030 02:14:17.509"/>
</kw>
<kw name="Maximize Browser Window" library="SeleniumLibrary">
<doc>Maximizes current browser window.</doc>
<status status="PASS" starttime="20221030 02:14:17.509" endtime="20221030 02:14:17.664"/>
</kw>
<kw name="Click Element" library="SeleniumLibrary">
<arg>xpath=//*[@id="nav-main"]/div[1]/div/div/div[3]/span[1]/span/input</arg>
<doc>Click the element identified by ``locator``.</doc>
<msg timestamp="20221030 02:14:17.665" level="INFO">Clicking element 'xpath=//*[@id="nav-main"]/div[1]/div/div/div[3]/span[1]/span/input'.</msg>
<msg timestamp="20221030 02:14:18.262" level="INFO" html="true">&lt;/td&gt;&lt;/tr&gt;&lt;tr&gt;&lt;td colspan="3"&gt;&lt;a href="selenium-screenshot-3.png"&gt;&lt;img src="selenium-screenshot-3.png" width="800px"&gt;&lt;/a&gt;</msg>
<msg timestamp="20221030 02:14:18.263" level="FAIL">Element with locator 'xpath=//*[@id="nav-main"]/div[1]/div/div/div[3]/span[1]/span/input' not found.</msg>
<status status="FAIL" starttime="20221030 02:14:17.665" endtime="20221030 02:14:18.263"/>
</kw>
<kw name="Input Text" library="SeleniumLibrary">
<arg>id=twotabsearchtextbox</arg>
<arg>Ferrari 458</arg>
<doc>Types the given ``text`` into the text field identified by ``locator``.</doc>
<status status="NOT RUN" starttime="20221030 02:14:18.264" endtime="20221030 02:14:18.264"/>
</kw>
<kw name="Click Button" library="SeleniumLibrary">
<arg>xpath=//*[@id="nav-search-submit-button"]</arg>
<doc>Clicks the button identified by ``locator``.</doc>
<status status="NOT RUN" starttime="20221030 02:14:18.264" endtime="20221030 02:14:18.264"/>
</kw>
<kw name="Wait Until Page Contains" library="SeleniumLibrary">
<arg>results for "Ferrari 458"</arg>
<doc>Waits until ``text`` appears on the current page.</doc>
<status status="NOT RUN" starttime="20221030 02:14:18.264" endtime="20221030 02:14:18.264"/>
</kw>
<kw name="Click Image" library="SeleniumLibrary">
<arg>xpath=//*[@id="search"]/div[1]/div[1]/div/span[3]/div[2]/div[2]/div/div/div/div/div/div/div[1]/span/a/div/img</arg>
<doc>Clicks an image identified by ``locator``.</doc>
<status status="NOT RUN" starttime="20221030 02:14:18.264" endtime="20221030 02:14:18.264"/>
</kw>
<kw name="Wait Until Page Contains" library="SeleniumLibrary">
<arg>Back to results</arg>
<doc>Waits until ``text`` appears on the current page.</doc>
<status status="NOT RUN" starttime="20221030 02:14:18.265" endtime="20221030 02:14:18.265"/>
</kw>
<kw name="Click Button" library="SeleniumLibrary">
<arg>id=add-to-cart-button</arg>
<doc>Clicks the button identified by ``locator``.</doc>
<status status="NOT RUN" starttime="20221030 02:14:18.265" endtime="20221030 02:14:18.265"/>
</kw>
<kw name="Wait Until Page Contains" library="SeleniumLibrary">
<arg>Added to Cart</arg>
<doc>Waits until ``text`` appears on the current page.</doc>
<status status="NOT RUN" starttime="20221030 02:14:18.265" endtime="20221030 02:14:18.265"/>
</kw>
<kw name="Click Button" library="SeleniumLibrary">
<arg>xpath=//*[@value="Proceed to checkout"]</arg>
<doc>Clicks the button identified by ``locator``.</doc>
<status status="NOT RUN" starttime="20221030 02:14:18.266" endtime="20221030 02:14:18.266"/>
</kw>
<kw name="Page Should Contain Element" library="SeleniumLibrary">
<arg>xpath=//*[@class="a-box-inner a-padding-extra-large"]</arg>
<doc>Verifies that element ``locator`` is found on the current page.</doc>
<status status="NOT RUN" starttime="20221030 02:14:18.266" endtime="20221030 02:14:18.266"/>
</kw>
<kw name="Close Browser" library="SeleniumLibrary">
<doc>Closes the current browser.</doc>
<status status="NOT RUN" starttime="20221030 02:14:18.266" endtime="20221030 02:14:18.266"/>
</kw>
<doc>This is some basic info about the test</doc>
<tag>Smoke</tag>
<status status="FAIL" starttime="20221030 02:14:13.215" endtime="20221030 02:14:18.267">Element with locator 'xpath=//*[@id="nav-main"]/div[1]/div/div/div[3]/span[1]/span/input' not found.</status>
</test>
<doc>This is some basic info about the whole suite</doc>
<status status="FAIL" starttime="20221030 02:13:49.202" endtime="20221030 02:14:18.268"/>
</suite>
<statistics>
<total>
<stat pass="1" fail="3" skip="0">All Tests</stat>
</total>
<tag>
<stat pass="1" fail="3" skip="0">Smoke</stat>
</tag>
<suite>
<stat pass="1" fail="3" skip="0" id="s1" name="Amazon2">Amazon2</stat>
</suite>
</statistics>
<errors>
</errors>
</robot>
