<?xml version="1.0" encoding="UTF-8"?>
<robot generator="Robot 5.0.1 (Python 3.10.7 on win32)" generated="20221022 11:07:06.708" rpa="false" schemaversion="3">
<suite id="s1" name="Ryanair" source="C:\development\robot-scripts\first-script\Tests\ryanair.robot">
<test id="s1-t1" name="[documentation] Login Script" line="8">
<kw name="Open Browser" library="SeleniumLibrary">
<arg>https://www.ryanair.com</arg>
<arg>gc</arg>
<doc>Opens a new browser instance to the optional ``url``.</doc>
<msg timestamp="20221022 11:07:06.913" level="INFO">Opening browser 'gc' to base url 'https://www.ryanair.com'.</msg>
<status status="PASS" starttime="20221022 11:07:06.913" endtime="20221022 11:07:09.709"/>
</kw>
<kw name="Maximize Browser Window" library="SeleniumLibrary">
<doc>Maximizes current browser window.</doc>
<status status="PASS" starttime="20221022 11:07:09.709" endtime="20221022 11:07:09.834"/>
</kw>
<kw name="Click Button" library="SeleniumLibrary">
<arg>xpath=//*[@class="cookie-popup-with-overlay__button"]</arg>
<doc>Clicks the button identified by ``locator``.</doc>
<msg timestamp="20221022 11:07:09.835" level="INFO">Clicking button 'xpath=//*[@class="cookie-popup-with-overlay__button"]'.</msg>
<status status="PASS" starttime="20221022 11:07:09.835" endtime="20221022 11:07:09.899"/>
</kw>
<kw name="Click Element" library="SeleniumLibrary">
<arg>xpath=//*[@class='language-selector__button-chevron ng-star-inserted']</arg>
<doc>Click the element identified by ``locator``.</doc>
<msg timestamp="20221022 11:07:09.900" level="INFO">Clicking element 'xpath=//*[@class='language-selector__button-chevron ng-star-inserted']'.</msg>
<status status="PASS" starttime="20221022 11:07:09.899" endtime="20221022 11:07:09.987"/>
</kw>
<kw name="Click Element" library="SeleniumLibrary">
<arg>xpath=//*[@href="/fi/en"]</arg>
<doc>Click the element identified by ``locator``.</doc>
<msg timestamp="20221022 11:07:09.987" level="INFO">Clicking element 'xpath=//*[@href="/fi/en"]'.</msg>
<status status="PASS" starttime="20221022 11:07:09.987" endtime="20221022 11:07:11.088"/>
</kw>
<kw name="Click Element" library="SeleniumLibrary">
<arg>xpath=//label[contains(.,'One way')]</arg>
<doc>Click the element identified by ``locator``.</doc>
<msg timestamp="20221022 11:07:11.088" level="INFO">Clicking element 'xpath=//label[contains(.,'One way')]'.</msg>
<status status="PASS" starttime="20221022 11:07:11.088" endtime="20221022 11:07:11.129"/>
</kw>
<kw name="Sleep" library="BuiltIn">
<arg>3s</arg>
<doc>Pauses the test executed for the given time.</doc>
<msg timestamp="20221022 11:07:14.139" level="INFO">Slept 3 seconds</msg>
<status status="PASS" starttime="20221022 11:07:11.130" endtime="20221022 11:07:14.139"/>
</kw>
<kw name="Clear Element Text" library="SeleniumLibrary">
<arg>xpath=//*[@placeholder="Departure"]</arg>
<doc>Clears the value of the text-input-element identified by ``locator``.</doc>
<status status="PASS" starttime="20221022 11:07:14.140" endtime="20221022 11:07:14.199"/>
</kw>
<kw name="Input Text" library="SeleniumLibrary">
<arg>xpath=//*[@placeholder="Departure"]</arg>
<arg>Brussels Charleroi</arg>
<doc>Types the given ``text`` into the text field identified by ``locator``.</doc>
<msg timestamp="20221022 11:07:14.200" level="INFO">Typing text 'Brussels Charleroi' into text field 'xpath=//*[@placeholder="Departure"]'.</msg>
<status status="PASS" starttime="20221022 11:07:14.199" endtime="20221022 11:07:14.371"/>
</kw>
<kw name="Click Element" library="SeleniumLibrary">
<arg>xpath=//input[@id='input-button__destination']</arg>
<doc>Click the element identified by ``locator``.</doc>
<msg timestamp="20221022 11:07:14.372" level="INFO">Clicking element 'xpath=//input[@id='input-button__destination']'.</msg>
<status status="PASS" starttime="20221022 11:07:14.371" endtime="20221022 11:07:14.473"/>
</kw>
<kw name="Wait Until Element Is Enabled" library="SeleniumLibrary">
<arg>xpath=//span[contains(.,'Poland')]</arg>
<doc>Waits until the element ``locator`` is enabled.</doc>
<status status="PASS" starttime="20221022 11:07:14.474" endtime="20221022 11:07:14.743"/>
</kw>
<kw name="Click Element" library="SeleniumLibrary">
<arg>xpath=//span[contains(.,'Poland')]</arg>
<doc>Click the element identified by ``locator``.</doc>
<msg timestamp="20221022 11:07:14.743" level="INFO">Clicking element 'xpath=//span[contains(.,'Poland')]'.</msg>
<status status="PASS" starttime="20221022 11:07:14.743" endtime="20221022 11:07:14.822"/>
</kw>
<kw name="Wait Until Element Is Enabled" library="SeleniumLibrary">
<arg>xpath=//span[@data-id='POZ']</arg>
<doc>Waits until the element ``locator`` is enabled.</doc>
<status status="PASS" starttime="20221022 11:07:14.822" endtime="20221022 11:07:14.850"/>
</kw>
<kw name="Input Text" library="SeleniumLibrary">
<arg>xpath=//*[@placeholder="Destination"]</arg>
<arg>Poznan</arg>
<doc>Types the given ``text`` into the text field identified by ``locator``.</doc>
<msg timestamp="20221022 11:07:14.850" level="INFO">Typing text 'Poznan' into text field 'xpath=//*[@placeholder="Destination"]'.</msg>
<status status="PASS" starttime="20221022 11:07:14.850" endtime="20221022 11:07:15.003"/>
</kw>
<kw name="Click Element" library="SeleniumLibrary">
<arg>xpath=//span[@data-id='POZ']</arg>
<doc>Click the element identified by ``locator``.</doc>
<msg timestamp="20221022 11:07:15.003" level="INFO">Clicking element 'xpath=//span[@data-id='POZ']'.</msg>
<status status="PASS" starttime="20221022 11:07:15.003" endtime="20221022 11:07:15.090"/>
</kw>
<kw name="Wait Until Element Is Enabled" library="SeleniumLibrary">
<arg>xpath=//*[@class="datepicker__calendar datepicker__calendar--left"]</arg>
<doc>Waits until the element ``locator`` is enabled.</doc>
<status status="PASS" starttime="20221022 11:07:15.091" endtime="20221022 11:07:15.615"/>
</kw>
<kw name="Click Element" library="SeleniumLibrary">
<arg>xpath=//*[@data-id='2022-11-29']</arg>
<doc>Click the element identified by ``locator``.</doc>
<msg timestamp="20221022 11:07:15.616" level="INFO">Clicking element 'xpath=//*[@data-id='2022-11-29']'.</msg>
<status status="PASS" starttime="20221022 11:07:15.616" endtime="20221022 11:07:15.725"/>
</kw>
<kw name="Click Button" library="SeleniumLibrary">
<arg>xpath=//button[contains(.,'Done')]</arg>
<doc>Clicks the button identified by ``locator``.</doc>
<msg timestamp="20221022 11:07:15.726" level="INFO">Clicking button 'xpath=//button[contains(.,'Done')]'.</msg>
<status status="PASS" starttime="20221022 11:07:15.726" endtime="20221022 11:07:15.796"/>
</kw>
<kw name="Wait Until Element Is Enabled" library="SeleniumLibrary">
<arg>xpath=//span[contains(.,'Search')]</arg>
<doc>Waits until the element ``locator`` is enabled.</doc>
<status status="PASS" starttime="20221022 11:07:15.797" endtime="20221022 11:07:15.823"/>
</kw>
<kw name="Click Element" library="SeleniumLibrary">
<arg>xpath=//span[contains(.,'Search')]</arg>
<doc>Click the element identified by ``locator``.</doc>
<msg timestamp="20221022 11:07:15.823" level="INFO">Clicking element 'xpath=//span[contains(.,'Search')]'.</msg>
<status status="PASS" starttime="20221022 11:07:15.823" endtime="20221022 11:07:15.883"/>
</kw>
<kw name="Wait Until Element Is Visible" library="SeleniumLibrary">
<arg>xpath=/html/body/app-root/flights-root/div/div/div/div/flights-lazy-content/flights-summary-container/flights-summary/div/div[1]/journey-container/journey/flight-list/div/flight-card/div/div/div[1]/div</arg>
<doc>Waits until the element ``locator`` is visible.</doc>
<status status="PASS" starttime="20221022 11:07:15.884" endtime="20221022 11:07:17.472"/>
</kw>
<kw name="Click Element" library="SeleniumLibrary">
<arg>xpath=/html/body/app-root/flights-root/div/div/div/div/flights-lazy-content/flights-summary-container/flights-summary/div/div[1]/journey-container/journey/flight-list/div/flight-card/div/div/div[1]/div</arg>
<doc>Click the element identified by ``locator``.</doc>
<msg timestamp="20221022 11:07:17.473" level="INFO">Clicking element 'xpath=/html/body/app-root/flights-root/div/div/div/div/flights-lazy-content/flights-summary-container/flights-summary/div/div[1]/journey-container/journey/flight-list/div/flight-card/div/div/div[1]/div'.</msg>
<status status="PASS" starttime="20221022 11:07:17.473" endtime="20221022 11:07:17.593"/>
</kw>
<kw name="Execute Javascript" library="SeleniumLibrary">
<arg>window.scrollTo(0,document.body.scrollHeight);</arg>
<doc>Executes the given JavaScript code with possible arguments.</doc>
<msg timestamp="20221022 11:07:17.594" level="INFO">Executing JavaScript:
window.scrollTo(0,document.body.scrollHeight);
Without any arguments.</msg>
<status status="PASS" starttime="20221022 11:07:17.593" endtime="20221022 11:07:17.608"/>
</kw>
<kw name="Wait Until Element Is Enabled" library="SeleniumLibrary">
<arg>xpath=/html/body/app-root/flights-root/div/div/div/div/flights-lazy-content/fare-selector-container/fare-selector/div/fare-table-container/fare-table/div[2]/ry-spinner/div[3]/div/div/fare-card/div</arg>
<doc>Waits until the element ``locator`` is enabled.</doc>
<status status="PASS" starttime="20221022 11:07:17.609" endtime="20221022 11:07:17.865"/>
</kw>
<kw name="Scroll Element Into View" library="SeleniumLibrary">
<arg>xpath=/html/body/app-root/flights-root/div/div/div/div/flights-lazy-content/fare-selector-container/fare-selector/div/fare-table-container/fare-table/div[2]/ry-spinner/div[3]/div/div/fare-card/div/div/button</arg>
<doc>Scrolls the element identified by ``locator`` into view.</doc>
<status status="PASS" starttime="20221022 11:07:17.866" endtime="20221022 11:07:18.156"/>
</kw>
<kw name="Click Button" library="SeleniumLibrary">
<arg>xpath=/html/body/app-root/flights-root/div/div/div/div/flights-lazy-content/fare-selector-container/fare-selector/div/fare-table-container/fare-table/div[2]/ry-spinner/div[3]/div/div/fare-card/div/div/button</arg>
<doc>Clicks the button identified by ``locator``.</doc>
<msg timestamp="20221022 11:07:18.156" level="INFO">Clicking button 'xpath=/html/body/app-root/flights-root/div/div/div/div/flights-lazy-content/fare-selector-container/fare-selector/div/fare-table-container/fare-table/div[2]/ry-spinner/div[3]/div/div/fare-card/div/div/button'.</msg>
<status status="PASS" starttime="20221022 11:07:18.156" endtime="20221022 11:07:18.240"/>
</kw>
<kw name="Sleep" library="BuiltIn">
<arg>3s</arg>
<doc>Pauses the test executed for the given time.</doc>
<msg timestamp="20221022 11:07:21.242" level="INFO">Slept 3 seconds</msg>
<status status="PASS" starttime="20221022 11:07:18.241" endtime="20221022 11:07:21.242"/>
</kw>
<kw name="Close Browser" library="SeleniumLibrary">
<doc>Closes the current browser.</doc>
<status status="PASS" starttime="20221022 11:07:21.242" endtime="20221022 11:07:23.402"/>
</kw>
<status status="PASS" starttime="20221022 11:07:06.912" endtime="20221022 11:07:23.402"/>
</test>
<status status="PASS" starttime="20221022 11:07:06.709" endtime="20221022 11:07:23.404"/>
</suite>
<statistics>
<total>
<stat pass="1" fail="0" skip="0">All Tests</stat>
</total>
<tag>
</tag>
<suite>
<stat pass="1" fail="0" skip="0" id="s1" name="Ryanair">Ryanair</stat>
</suite>
</statistics>
<errors>
</errors>
</robot>
